<?xml version="1.0" encoding="UTF-8"?>
<!-- Generated by org.testng.reporters.JUnitXMLReporter -->
<testsuite ignored="0" hostname="APL-543L4612469" failures="0" tests="4" name="Default test" time="0.037" errors="0" timestamp="2023-05-11T17:36:49 IST">
  <testcase classname="GroupMethod.GroupTest" name="MI1" time="0.006"/>
  <testcase classname="GroupMethod.GroupTest" name="apple1" time="0.001"/>
  <testcase classname="GroupMethod.GroupTest" name="lenova1" time="0.0"/>
  <testcase classname="GroupMethod.GroupTest" name="moto1" time="0.0"/>
</testsuite> <!-- Default test -->
